2023-06-11 12:24:58,557 - ServerLogger - ERROR - Exception in target 1: Log file modified
2023-06-11 12:24:59,561 - ServerLogger - ERROR - Exception in target 1: Log file modified
2023-06-11 12:24:59,561 - ServerLogger - ERROR - Exception in target 2: Log file modified
2023-06-11 12:25:00,564 - ServerLogger - ERROR - Exception in target 2: Log file modified
2023-06-11 12:25:00,564 - ServerLogger - ERROR - Exception in target 1: Log file modified
2023-06-11 12:25:01,568 - ServerLogger - ERROR - Exception in target 1: Log file modified
2023-06-11 12:25:01,569 - ServerLogger - ERROR - Exception in target 2: Log file modified
2023-06-11 12:25:02,568 - ServerLogger - ERROR - Exception in target 1: Log file modified
2023-06-11 12:25:03,398 - ServerLogger - ERROR - Exception in target 2: Ping response time is slow
2023-06-11 12:25:03,576 - ServerLogger - ERROR - Exception in target 2: Log file modified
2023-06-11 12:25:04,579 - ServerLogger - ERROR - Exception in target 1: Log file modified
2023-06-11 12:25:04,702 - ServerLogger - ERROR - Exception in target 1: CPU usage is high
2023-06-11 12:25:05,582 - ServerLogger - ERROR - Exception in target 1: Log file modified
2023-06-11 12:25:05,590 - ServerLogger - ERROR - Exception in target 2: Log file modified
2023-06-11 12:25:05,712 - ServerLogger - ERROR - Exception in target 2: CPU usage is high
2023-06-11 12:25:05,815 - ServerLogger - ERROR - Exception in target 2: Ping response time is slow
2023-06-11 12:25:06,583 - ServerLogger - ERROR - Exception in target 1: Log file modified
2023-06-11 12:25:06,599 - ServerLogger - ERROR - Exception in target 2: Log file modified
2023-06-11 12:25:07,587 - ServerLogger - ERROR - Exception in target 1: Log file modified
2023-06-11 12:25:07,601 - ServerLogger - ERROR - Exception in target 2: Log file modified
2023-06-11 12:25:08,242 - ServerLogger - ERROR - Exception in target 2: Ping response time is slow
2023-06-11 12:25:08,589 - ServerLogger - ERROR - Exception in target 1: Log file modified
2023-06-11 12:25:08,605 - ServerLogger - ERROR - Exception in target 2: Log file modified
2023-06-11 12:25:09,590 - ServerLogger - ERROR - Exception in target 1: Log file modified
2023-06-11 12:25:09,609 - ServerLogger - ERROR - Exception in target 2: Log file modified
2023-06-11 12:25:10,596 - ServerLogger - ERROR - Exception in target 1: Log file modified
2023-06-11 12:25:10,611 - ServerLogger - ERROR - Exception in target 2: Log file modified
2023-06-11 12:25:11,614 - ServerLogger - ERROR - Exception in target 2: Log file modified
2023-06-11 12:25:12,601 - ServerLogger - ERROR - Exception in target 1: Log file modified
2023-06-11 12:25:12,619 - ServerLogger - ERROR - Exception in target 2: Log file modified
2023-06-11 12:25:13,073 - ServerLogger - ERROR - Exception in target 2: Ping response time is slow
2023-06-11 12:25:13,605 - ServerLogger - ERROR - Exception in target 1: Log file modified
2023-06-11 12:25:13,622 - ServerLogger - ERROR - Exception in target 2: Log file modified
2023-06-11 12:25:14,609 - ServerLogger - ERROR - Exception in target 1: Log file modified
2023-06-11 12:25:15,613 - ServerLogger - ERROR - Exception in target 1: Log file modified
2023-06-11 12:25:15,630 - ServerLogger - ERROR - Exception in target 2: Log file modified
2023-06-11 12:25:16,633 - ServerLogger - ERROR - Exception in target 2: Log file modified
2023-06-11 12:25:17,619 - ServerLogger - ERROR - Exception in target 1: Log file modified
2023-06-11 12:25:17,921 - ServerLogger - ERROR - Exception in target 2: Ping response time is slow
2023-06-11 12:28:01,272 - ServerLogger - ERROR - Exception in target 2: Log file modified
2023-06-11 12:28:01,382 - ServerLogger - ERROR - Exception in target 1: CPU usage is high
2023-06-11 12:28:02,261 - ServerLogger - ERROR - Exception in target 1: Log file modified
2023-06-11 12:28:02,277 - ServerLogger - ERROR - Exception in target 2: Log file modified
2023-06-11 12:28:02,405 - ServerLogger - ERROR - Exception in target 2: CPU usage is high
2023-06-11 12:28:02,775 - ServerLogger - ERROR - Exception in target 0: CPU usage is high
2023-06-11 12:28:03,282 - ServerLogger - ERROR - Exception in target 2: Log file modified
2023-06-11 12:28:03,798 - ServerLogger - ERROR - Exception in target 1: CPU usage is high
2023-06-11 12:28:04,269 - ServerLogger - ERROR - Exception in target 1: Log file modified
2023-06-11 12:28:04,283 - ServerLogger - ERROR - Exception in target 2: Log file modified
2023-06-11 12:28:04,821 - ServerLogger - ERROR - Exception in target 2: CPU usage is high
2023-06-11 12:28:05,195 - ServerLogger - ERROR - Exception in target 0: CPU usage is high
2023-06-11 12:28:05,274 - ServerLogger - ERROR - Exception in target 1: Log file modified
2023-06-11 12:28:06,277 - ServerLogger - ERROR - Exception in target 1: Log file modified
2023-06-11 12:28:06,289 - ServerLogger - ERROR - Exception in target 2: Log file modified
2023-06-11 12:28:07,220 - ServerLogger - ERROR - Exception in target 1: CPU usage is high
2023-06-11 12:28:07,278 - ServerLogger - ERROR - Exception in target 1: Log file modified
2023-06-11 12:28:07,294 - ServerLogger - ERROR - Exception in target 2: Log file modified
2023-06-11 12:28:08,252 - ServerLogger - ERROR - Exception in target 2: CPU usage is high
2023-06-11 12:28:08,297 - ServerLogger - ERROR - Exception in target 2: Log file modified
2023-06-11 12:28:08,615 - ServerLogger - ERROR - Exception in target 0: CPU usage is high
2023-06-11 12:28:09,255 - ServerLogger - ERROR - Exception in target 0: Log file modified
2023-06-11 12:28:09,285 - ServerLogger - ERROR - Exception in target 1: Log file modified
2023-06-11 12:28:09,359 - ServerLogger - ERROR - Exception in target 0: Process has crashed
2023-06-11 12:28:10,285 - ServerLogger - ERROR - Exception in target 1: Log file modified
2023-06-11 12:28:10,301 - ServerLogger - ERROR - Exception in target 2: Log file modified
2023-06-11 12:28:11,290 - ServerLogger - ERROR - Exception in target 1: Log file modified
2023-06-11 12:28:11,311 - ServerLogger - ERROR - Exception in target 2: Log file modified
2023-06-11 12:28:12,063 - ServerLogger - ERROR - Exception in target 1: CPU usage is high
2023-06-11 12:28:12,292 - ServerLogger - ERROR - Exception in target 1: Log file modified
2023-06-11 12:28:12,312 - ServerLogger - ERROR - Exception in target 2: Log file modified
2023-06-11 12:28:13,091 - ServerLogger - ERROR - Exception in target 2: CPU usage is high
2023-06-11 12:28:13,296 - ServerLogger - ERROR - Exception in target 1: Log file modified
2023-06-11 12:28:13,315 - ServerLogger - ERROR - Exception in target 2: Log file modified
2023-06-11 12:28:14,298 - ServerLogger - ERROR - Exception in target 1: Log file modified
2023-06-11 12:28:14,319 - ServerLogger - ERROR - Exception in target 2: Log file modified
2023-06-11 12:28:15,301 - ServerLogger - ERROR - Exception in target 1: Log file modified
2023-06-11 12:28:15,324 - ServerLogger - ERROR - Exception in target 2: Log file modified
2023-06-11 12:28:16,330 - ServerLogger - ERROR - Exception in target 2: Log file modified
2023-06-11 12:36:12,086 - ServerLogger - ERROR - Exception in target 2: Log file modified
2023-06-11 12:36:12,802 - ServerLogger - ERROR - Exception in target 2: CPU usage is high
2023-06-11 12:36:13,086 - ServerLogger - ERROR - Exception in target 1: Log file modified
2023-06-11 12:36:13,086 - ServerLogger - ERROR - Exception in target 2: Log file modified
2023-06-11 12:36:13,205 - ServerLogger - ERROR - Exception in target 0: CPU usage is high
2023-06-11 12:36:14,092 - ServerLogger - ERROR - Exception in target 2: Log file modified
2023-06-11 12:36:14,222 - ServerLogger - ERROR - Exception in target 1: CPU usage is high
2023-06-11 12:36:15,093 - ServerLogger - ERROR - Exception in target 1: Log file modified
2023-06-11 12:36:15,102 - ServerLogger - ERROR - Exception in target 2: Log file modified
2023-06-11 12:36:15,222 - ServerLogger - ERROR - Exception in target 2: CPU usage is high
2023-06-11 12:36:15,623 - ServerLogger - ERROR - Exception in target 0: CPU usage is high
2023-06-11 12:36:16,094 - ServerLogger - ERROR - Exception in target 1: Log file modified
2023-06-11 12:36:16,102 - ServerLogger - ERROR - Exception in target 2: Log file modified
2023-06-11 12:36:16,646 - ServerLogger - ERROR - Exception in target 1: CPU usage is high
2023-06-11 12:36:17,094 - ServerLogger - ERROR - Exception in target 1: Log file modified
2023-06-11 12:36:17,107 - ServerLogger - ERROR - Exception in target 2: Log file modified
2023-06-11 12:36:18,099 - ServerLogger - ERROR - Exception in target 1: Log file modified
2023-06-11 12:36:18,654 - ServerLogger - ERROR - Exception in target 2: CPU usage is high
2023-06-11 12:36:19,041 - ServerLogger - ERROR - Exception in target 0: Process has crashed
2023-06-11 12:36:19,112 - ServerLogger - ERROR - Exception in target 2: Log file modified
2023-06-11 12:36:20,074 - ServerLogger - ERROR - Exception in target 1: CPU usage is high
2023-06-11 12:36:20,107 - ServerLogger - ERROR - Exception in target 1: Log file modified
2023-06-11 12:36:21,110 - ServerLogger - ERROR - Exception in target 1: Log file modified
2023-06-11 12:36:21,117 - ServerLogger - ERROR - Exception in target 2: Log file modified
2023-06-11 12:36:22,117 - ServerLogger - ERROR - Exception in target 1: Log file modified
2023-06-11 12:36:22,121 - ServerLogger - ERROR - Exception in target 2: Log file modified
2023-06-11 12:42:16,873 - ServerLogger - ERROR - Exception in target 1: Log file modified
2023-06-11 12:42:17,173 - ServerLogger - ERROR - Exception in target 0: CPU usage is high
2023-06-11 12:42:17,886 - ServerLogger - ERROR - Exception in target 2: Log file modified
2023-06-11 12:42:18,880 - ServerLogger - ERROR - Exception in target 1: Log file modified
2023-06-11 12:42:18,888 - ServerLogger - ERROR - Exception in target 2: Log file modified
2023-06-11 12:42:19,187 - ServerLogger - ERROR - Exception in target 2: CPU usage is high
2023-06-11 12:42:19,596 - ServerLogger - ERROR - Exception in target 0: CPU usage is high
2023-06-11 12:42:19,885 - ServerLogger - ERROR - Exception in target 1: Log file modified
2023-06-11 12:42:19,891 - ServerLogger - ERROR - Exception in target 2: Log file modified
2023-06-11 12:42:20,888 - ServerLogger - ERROR - Exception in target 1: Log file modified
2023-06-11 12:42:20,895 - ServerLogger - ERROR - Exception in target 2: Log file modified
2023-06-11 12:42:21,889 - ServerLogger - ERROR - Exception in target 1: Log file modified
2023-06-11 12:42:21,899 - ServerLogger - ERROR - Exception in target 2: Log file modified
2023-06-11 12:42:22,904 - ServerLogger - ERROR - Exception in target 2: Log file modified
2023-06-11 12:42:23,016 - ServerLogger - ERROR - Exception in target 0: CPU usage is high
2023-06-11 12:42:23,717 - ServerLogger - ERROR - Exception in target 0: Process has crashed
2023-06-11 12:42:24,898 - ServerLogger - ERROR - Exception in target 1: Log file modified
2023-06-11 12:42:24,914 - ServerLogger - ERROR - Exception in target 2: Log file modified
2023-06-11 12:42:25,903 - ServerLogger - ERROR - Exception in target 1: Log file modified
2023-06-11 12:42:25,917 - ServerLogger - ERROR - Exception in target 2: Log file modified
2023-06-11 12:42:26,456 - ServerLogger - ERROR - Exception in target 2: CPU usage is high
2023-06-11 12:42:26,904 - ServerLogger - ERROR - Exception in target 1: Log file modified
2023-06-11 12:42:26,917 - ServerLogger - ERROR - Exception in target 2: Log file modified
2023-06-11 12:42:27,906 - ServerLogger - ERROR - Exception in target 1: Log file modified
2023-06-11 12:42:27,918 - ServerLogger - ERROR - Exception in target 2: Log file modified
2023-06-11 12:42:28,909 - ServerLogger - ERROR - Exception in target 1: Log file modified
2023-06-11 12:42:28,922 - ServerLogger - ERROR - Exception in target 2: Log file modified
2023-06-11 12:42:29,877 - ServerLogger - ERROR - Exception in target 2: CPU usage is high
2023-06-11 12:42:29,914 - ServerLogger - ERROR - Exception in target 1: Log file modified
2023-06-11 12:42:29,926 - ServerLogger - ERROR - Exception in target 2: Log file modified
2023-06-11 12:42:30,931 - ServerLogger - ERROR - Exception in target 2: Log file modified
2023-06-11 12:42:31,921 - ServerLogger - ERROR - Exception in target 1: Log file modified
2023-06-11 12:42:31,934 - ServerLogger - ERROR - Exception in target 2: Log file modified
2023-06-11 12:42:32,926 - ServerLogger - ERROR - Exception in target 1: Log file modified
2023-06-11 12:42:32,934 - ServerLogger - ERROR - Exception in target 2: Log file modified
2023-06-11 12:42:33,931 - ServerLogger - ERROR - Exception in target 1: Log file modified
2023-06-11 12:42:33,939 - ServerLogger - ERROR - Exception in target 2: Log file modified
2023-06-11 12:42:34,936 - ServerLogger - ERROR - Exception in target 1: Log file modified
2023-06-11 12:42:34,940 - ServerLogger - ERROR - Exception in target 2: Log file modified
2023-06-11 12:49:03,087 - ServerLogger - ERROR - Exception in target 2: CPU usage is high
2023-06-11 12:49:03,460 - ServerLogger - ERROR - Exception in target 0: CPU usage is high
2023-06-11 12:49:03,770 - ServerLogger - ERROR - Exception in target 1: Log file modified
2023-06-11 12:49:03,781 - ServerLogger - ERROR - Exception in target 2: Log file modified
2023-06-11 12:49:04,496 - ServerLogger - ERROR - Exception in target 1: CPU usage is high
2023-06-11 12:49:04,782 - ServerLogger - ERROR - Exception in target 2: Log file modified
2023-06-11 12:49:05,508 - ServerLogger - ERROR - Exception in target 2: CPU usage is high
2023-06-11 12:49:05,779 - ServerLogger - ERROR - Exception in target 1: Log file modified
2023-06-11 12:49:05,783 - ServerLogger - ERROR - Exception in target 2: Log file modified
2023-06-11 12:49:05,882 - ServerLogger - ERROR - Exception in target 0: CPU usage is high
2023-06-11 12:49:06,785 - ServerLogger - ERROR - Exception in target 1: Log file modified
2023-06-11 12:49:06,916 - ServerLogger - ERROR - Exception in target 1: CPU usage is high
2023-06-11 12:49:07,788 - ServerLogger - ERROR - Exception in target 1: Log file modified
2023-06-11 12:49:07,789 - ServerLogger - ERROR - Exception in target 2: Log file modified
2023-06-11 12:49:08,791 - ServerLogger - ERROR - Exception in target 2: Log file modified
2023-06-11 12:49:08,793 - ServerLogger - ERROR - Exception in target 1: Log file modified
2023-06-11 12:49:08,932 - ServerLogger - ERROR - Exception in target 2: CPU usage is high
2023-06-11 12:49:09,308 - ServerLogger - ERROR - Exception in target 0: CPU usage is high
2023-06-11 12:49:09,795 - ServerLogger - ERROR - Exception in target 2: Log file modified
2023-06-11 12:49:10,339 - ServerLogger - ERROR - Exception in target 1: CPU usage is high
2023-06-11 12:49:10,773 - ServerLogger - ERROR - Exception in target 0: Log file modified
2023-06-11 12:49:10,793 - ServerLogger - ERROR - Exception in target 0: Process has crashed
2023-06-11 12:49:10,798 - ServerLogger - ERROR - Exception in target 1: Log file modified
2023-06-11 12:49:11,800 - ServerLogger - ERROR - Exception in target 2: Log file modified
2023-06-11 12:49:11,803 - ServerLogger - ERROR - Exception in target 1: Log file modified
2023-06-11 12:49:12,754 - ServerLogger - ERROR - Exception in target 1: CPU usage is high
2023-06-11 12:49:12,805 - ServerLogger - ERROR - Exception in target 2: Log file modified
2023-06-11 12:49:12,805 - ServerLogger - ERROR - Exception in target 1: Log file modified
2023-06-11 12:49:13,789 - ServerLogger - ERROR - Exception in target 2: CPU usage is high
2023-06-11 12:49:13,809 - ServerLogger - ERROR - Exception in target 2: Log file modified
2023-06-11 12:49:13,810 - ServerLogger - ERROR - Exception in target 1: Log file modified
2023-06-11 12:49:14,812 - ServerLogger - ERROR - Exception in target 2: Log file modified
2023-06-11 12:49:14,812 - ServerLogger - ERROR - Exception in target 1: Log file modified
2023-06-11 12:49:15,178 - ServerLogger - ERROR - Exception in target 1: CPU usage is high
2023-06-11 12:49:15,816 - ServerLogger - ERROR - Exception in target 1: Log file modified
2023-06-11 12:49:15,817 - ServerLogger - ERROR - Exception in target 2: Log file modified
2023-06-11 12:49:16,818 - ServerLogger - ERROR - Exception in target 2: Log file modified
2023-06-11 12:49:16,823 - ServerLogger - ERROR - Exception in target 1: Log file modified
2023-06-11 12:49:17,818 - ServerLogger - ERROR - Exception in target 2: Log file modified
2023-06-11 12:49:18,609 - ServerLogger - ERROR - Exception in target 1: CPU usage is high
2023-06-11 12:49:18,823 - ServerLogger - ERROR - Exception in target 2: Log file modified
2023-06-11 12:49:18,830 - ServerLogger - ERROR - Exception in target 1: Log file modified
2023-06-11 12:49:19,825 - ServerLogger - ERROR - Exception in target 2: Log file modified
2023-06-11 12:49:20,830 - ServerLogger - ERROR - Exception in target 2: Log file modified
2023-06-11 12:49:20,830 - ServerLogger - ERROR - Exception in target 1: Log file modified
2023-06-11 13:08:36,605 - ServerLogger - ERROR - Exception in target 0: Ping response time is slow
2023-06-11 13:08:42,361 - ServerLogger - ERROR - Exception in target 1: CPU usage is high
2023-06-11 13:08:43,237 - ServerLogger - ERROR - Exception in target 1: Log file modified
2023-06-11 13:08:43,244 - ServerLogger - ERROR - Exception in target 2: Log file modified
2023-06-11 13:08:43,396 - ServerLogger - ERROR - Exception in target 2: CPU usage is high
2023-06-11 13:08:43,770 - ServerLogger - ERROR - Exception in target 0: CPU usage is high
2023-06-11 13:08:44,247 - ServerLogger - ERROR - Exception in target 2: Log file modified
2023-06-11 13:08:44,789 - ServerLogger - ERROR - Exception in target 1: CPU usage is high
2023-06-11 13:08:45,246 - ServerLogger - ERROR - Exception in target 1: Log file modified
2023-06-11 13:08:45,248 - ServerLogger - ERROR - Exception in target 2: Log file modified
2023-06-11 13:08:45,819 - ServerLogger - ERROR - Exception in target 2: CPU usage is high
2023-06-11 13:08:46,195 - ServerLogger - ERROR - Exception in target 0: CPU usage is high
2023-06-11 13:08:46,248 - ServerLogger - ERROR - Exception in target 1: Log file modified
2023-06-11 13:08:47,257 - ServerLogger - ERROR - Exception in target 1: Log file modified
2023-06-11 13:08:47,258 - ServerLogger - ERROR - Exception in target 2: Log file modified
2023-06-11 13:08:48,214 - ServerLogger - ERROR - Exception in target 1: CPU usage is high
2023-06-11 13:08:48,262 - ServerLogger - ERROR - Exception in target 1: Log file modified
2023-06-11 13:08:48,262 - ServerLogger - ERROR - Exception in target 2: Log file modified
2023-06-11 13:08:49,244 - ServerLogger - ERROR - Exception in target 2: CPU usage is high
2023-06-11 13:08:49,267 - ServerLogger - ERROR - Exception in target 2: Log file modified
2023-06-11 13:08:50,248 - ServerLogger - ERROR - Exception in target 0: Log file modified
2023-06-11 13:08:50,271 - ServerLogger - ERROR - Exception in target 1: Log file modified
2023-06-11 13:08:50,343 - ServerLogger - ERROR - Exception in target 0: Process has crashed
2023-06-11 13:08:51,276 - ServerLogger - ERROR - Exception in target 2: Log file modified
2023-06-11 13:08:51,280 - ServerLogger - ERROR - Exception in target 1: Log file modified
2023-06-11 13:08:51,665 - ServerLogger - ERROR - Exception in target 2: CPU usage is high
2023-06-11 13:08:52,278 - ServerLogger - ERROR - Exception in target 1: Log file modified
2023-06-11 13:08:52,280 - ServerLogger - ERROR - Exception in target 2: Log file modified
2023-06-11 13:08:53,069 - ServerLogger - ERROR - Exception in target 1: CPU usage is high
2023-06-11 13:08:53,284 - ServerLogger - ERROR - Exception in target 2: Log file modified
2023-06-11 13:08:53,285 - ServerLogger - ERROR - Exception in target 1: Log file modified
2023-06-11 13:08:54,288 - ServerLogger - ERROR - Exception in target 2: Log file modified
2023-06-11 13:08:54,289 - ServerLogger - ERROR - Exception in target 1: Log file modified
2023-06-11 13:08:55,293 - ServerLogger - ERROR - Exception in target 2: Log file modified
2023-06-11 13:08:55,293 - ServerLogger - ERROR - Exception in target 1: Log file modified
2023-06-11 13:08:55,464 - ServerLogger - ERROR - Exception in target 2: Process has crashed
2023-06-11 13:08:55,464 - ServerLogger - ERROR - Exception in target 1: Process has crashed
2023-06-11 13:12:18,217 - ServerLogger - ERROR - Exception in target 0: CPU usage is high
2023-06-11 13:12:18,935 - ServerLogger - ERROR - Exception in target 1: Log file modified
2023-06-11 13:12:18,943 - ServerLogger - ERROR - Exception in target 2: Log file modified
2023-06-11 13:12:19,243 - ServerLogger - ERROR - Exception in target 1: CPU usage is high
2023-06-11 13:12:19,950 - ServerLogger - ERROR - Exception in target 2: Log file modified
2023-06-11 13:12:20,246 - ServerLogger - ERROR - Exception in target 2: CPU usage is high
2023-06-11 13:12:20,647 - ServerLogger - ERROR - Exception in target 0: CPU usage is high
2023-06-11 13:12:20,945 - ServerLogger - ERROR - Exception in target 1: Log file modified
2023-06-11 13:12:20,953 - ServerLogger - ERROR - Exception in target 2: Log file modified
2023-06-11 13:12:21,661 - ServerLogger - ERROR - Exception in target 1: CPU usage is high
2023-06-11 13:12:21,950 - ServerLogger - ERROR - Exception in target 1: Log file modified
2023-06-11 13:12:22,672 - ServerLogger - ERROR - Exception in target 2: CPU usage is high
2023-06-11 13:12:22,955 - ServerLogger - ERROR - Exception in target 1: Log file modified
2023-06-11 13:12:22,961 - ServerLogger - ERROR - Exception in target 2: Log file modified
2023-06-11 13:12:23,959 - ServerLogger - ERROR - Exception in target 1: Log file modified
2023-06-11 13:12:23,964 - ServerLogger - ERROR - Exception in target 2: Log file modified
2023-06-11 13:12:24,080 - ServerLogger - ERROR - Exception in target 0: CPU usage is high
2023-06-11 13:12:24,965 - ServerLogger - ERROR - Exception in target 2: Log file modified
2023-06-11 13:12:25,089 - ServerLogger - ERROR - Exception in target 1: CPU usage is high
2023-06-11 13:12:25,872 - ServerLogger - ERROR - Exception in target 0: Process has crashed
2023-06-11 13:12:26,113 - ServerLogger - ERROR - Exception in target 2: CPU usage is high
2023-06-11 13:12:26,965 - ServerLogger - ERROR - Exception in target 1: Log file modified
2023-06-11 13:12:26,975 - ServerLogger - ERROR - Exception in target 2: Log file modified
2023-06-11 13:12:27,519 - ServerLogger - ERROR - Exception in target 1: CPU usage is high
2023-06-11 13:12:27,965 - ServerLogger - ERROR - Exception in target 1: Log file modified
2023-06-11 13:12:27,977 - ServerLogger - ERROR - Exception in target 2: Log file modified
2023-06-11 13:12:28,534 - ServerLogger - ERROR - Exception in target 2: CPU usage is high
2023-06-11 13:12:28,966 - ServerLogger - ERROR - Exception in target 1: Log file modified
2023-06-11 13:12:28,982 - ServerLogger - ERROR - Exception in target 2: Log file modified
2023-06-11 13:14:48,038 - ServerLogger - ERROR - Exception in target 0: CPU usage is high
2023-06-11 13:14:48,745 - ServerLogger - ERROR - Exception in target 2: Log file modified
2023-06-11 13:14:48,750 - ServerLogger - ERROR - Exception in target 1: Log file modified
2023-06-11 13:14:49,052 - ServerLogger - ERROR - Exception in target 1: CPU usage is high
2023-06-11 13:14:49,752 - ServerLogger - ERROR - Exception in target 2: Log file modified
2023-06-11 13:14:49,757 - ServerLogger - ERROR - Exception in target 1: Log file modified
2023-06-11 13:14:50,756 - ServerLogger - ERROR - Exception in target 2: Log file modified
2023-06-11 13:14:50,757 - ServerLogger - ERROR - Exception in target 1: Log file modified
2023-06-11 13:14:51,762 - ServerLogger - ERROR - Exception in target 1: Log file modified
2023-06-11 13:14:52,586 - ServerLogger - ERROR - Exception in target 2: Ping response time is slow
2023-06-11 13:14:52,757 - ServerLogger - ERROR - Exception in target 0: Log file modified
2023-06-11 13:14:52,767 - ServerLogger - ERROR - Exception in target 2: Log file modified
2023-06-11 13:14:53,630 - ServerLogger - ERROR - Exception in target 0: Process has crashed
2023-06-11 13:14:53,771 - ServerLogger - ERROR - Exception in target 2: Log file modified
2023-06-11 13:14:53,775 - ServerLogger - ERROR - Exception in target 1: Log file modified
2023-06-11 13:14:54,774 - ServerLogger - ERROR - Exception in target 2: Log file modified
2023-06-11 13:14:54,776 - ServerLogger - ERROR - Exception in target 1: Log file modified
2023-06-11 13:14:55,010 - ServerLogger - ERROR - Exception in target 2: Ping response time is slow
2023-06-11 13:14:55,775 - ServerLogger - ERROR - Exception in target 2: Log file modified
2023-06-11 13:14:55,781 - ServerLogger - ERROR - Exception in target 1: Log file modified
2023-06-11 13:14:56,327 - ServerLogger - ERROR - Exception in target 2: Ping response time is slow
2023-06-11 13:14:56,785 - ServerLogger - ERROR - Exception in target 1: Log file modified
2023-06-11 13:17:56,460 - ServerLogger - ERROR - Exception in target 1: CPU usage is high
2023-06-11 13:17:56,741 - ServerLogger - ERROR - Exception in target 1: Log file modified
2023-06-11 13:17:56,752 - ServerLogger - ERROR - Exception in target 2: Log file modified
2023-06-11 13:17:57,472 - ServerLogger - ERROR - Exception in target 2: CPU usage is high
2023-06-11 13:17:57,752 - ServerLogger - ERROR - Exception in target 2: Log file modified
2023-06-11 13:17:57,867 - ServerLogger - ERROR - Exception in target 0: CPU usage is high
2023-06-11 13:17:58,749 - ServerLogger - ERROR - Exception in target 1: Log file modified
2023-06-11 13:17:58,753 - ServerLogger - ERROR - Exception in target 2: Log file modified
2023-06-11 13:17:58,895 - ServerLogger - ERROR - Exception in target 1: CPU usage is high
2023-06-11 13:17:59,753 - ServerLogger - ERROR - Exception in target 2: Log file modified
2023-06-11 13:17:59,754 - ServerLogger - ERROR - Exception in target 1: Log file modified
2023-06-11 13:17:59,896 - ServerLogger - ERROR - Exception in target 2: CPU usage is high
2023-06-11 13:18:00,292 - ServerLogger - ERROR - Exception in target 0: CPU usage is high
2023-06-11 13:18:00,758 - ServerLogger - ERROR - Exception in target 1: Log file modified
2023-06-11 13:18:00,759 - ServerLogger - ERROR - Exception in target 2: Log file modified
2023-06-11 13:18:01,763 - ServerLogger - ERROR - Exception in target 1: Log file modified
2023-06-11 13:18:01,764 - ServerLogger - ERROR - Exception in target 2: Log file modified
2023-06-11 13:18:02,323 - ServerLogger - ERROR - Exception in target 1: CPU usage is high
2023-06-11 13:18:02,766 - ServerLogger - ERROR - Exception in target 2: Log file modified
2023-06-11 13:18:02,769 - ServerLogger - ERROR - Exception in target 1: Log file modified
2023-06-11 13:18:03,332 - ServerLogger - ERROR - Exception in target 2: CPU usage is high
2023-06-11 13:18:03,748 - ServerLogger - ERROR - Exception in target 0: Log file modified
2023-06-11 13:18:03,761 - ServerLogger - ERROR - Exception in target 0: Process has crashed
2023-06-11 13:18:04,771 - ServerLogger - ERROR - Exception in target 2: Log file modified
2023-06-11 13:18:04,779 - ServerLogger - ERROR - Exception in target 1: Log file modified
2023-06-11 13:18:05,751 - ServerLogger - ERROR - Exception in target 2: CPU usage is high
2023-06-11 13:18:05,775 - ServerLogger - ERROR - Exception in target 2: Log file modified
2023-06-11 13:18:06,778 - ServerLogger - ERROR - Exception in target 2: Log file modified
2023-06-11 13:18:06,790 - ServerLogger - ERROR - Exception in target 1: Log file modified
2023-06-11 13:18:07,169 - ServerLogger - ERROR - Exception in target 1: CPU usage is high
2023-06-11 13:18:07,781 - ServerLogger - ERROR - Exception in target 2: Log file modified
2023-06-11 13:18:08,182 - ServerLogger - ERROR - Exception in target 2: CPU usage is high
2023-06-11 13:18:08,785 - ServerLogger - ERROR - Exception in target 2: Log file modified
2023-06-11 13:18:08,801 - ServerLogger - ERROR - Exception in target 1: Log file modified
2023-06-11 13:18:09,596 - ServerLogger - ERROR - Exception in target 1: CPU usage is high
2023-06-11 13:18:09,789 - ServerLogger - ERROR - Exception in target 2: Log file modified
2023-06-11 13:18:09,805 - ServerLogger - ERROR - Exception in target 1: Log file modified
2023-06-11 13:18:10,795 - ServerLogger - ERROR - Exception in target 2: Log file modified
2023-06-11 13:18:11,616 - ServerLogger - ERROR - Exception in target 2: CPU usage is high
2023-06-11 13:18:11,798 - ServerLogger - ERROR - Exception in target 2: Log file modified
2023-06-11 13:18:11,813 - ServerLogger - ERROR - Exception in target 1: Log file modified
2023-06-11 13:18:12,800 - ServerLogger - ERROR - Exception in target 2: Log file modified
2023-06-11 13:18:12,816 - ServerLogger - ERROR - Exception in target 1: Log file modified
2023-06-11 13:18:13,020 - ServerLogger - ERROR - Exception in target 1: CPU usage is high
2023-06-11 13:18:13,819 - ServerLogger - ERROR - Exception in target 1: Log file modified
2023-06-11 13:18:14,806 - ServerLogger - ERROR - Exception in target 2: Log file modified
2023-06-11 13:18:14,824 - ServerLogger - ERROR - Exception in target 1: Log file modified
2023-06-11 13:18:15,811 - ServerLogger - ERROR - Exception in target 2: Log file modified
2023-06-11 13:19:42,557 - ServerLogger - ERROR - Exception in target 1: Log file modified
2023-06-11 13:19:42,562 - ServerLogger - ERROR - Exception in target 2: Log file modified
2023-06-11 13:19:42,873 - ServerLogger - ERROR - Exception in target 2: CPU usage is high
2023-06-11 13:19:43,255 - ServerLogger - ERROR - Exception in target 0: CPU usage is high
2023-06-11 13:19:43,564 - ServerLogger - ERROR - Exception in target 2: Log file modified
2023-06-11 13:19:44,287 - ServerLogger - ERROR - Exception in target 1: CPU usage is high
2023-06-11 13:19:44,562 - ServerLogger - ERROR - Exception in target 1: Log file modified
2023-06-11 13:19:44,569 - ServerLogger - ERROR - Exception in target 2: Log file modified
2023-06-11 13:19:45,297 - ServerLogger - ERROR - Exception in target 2: CPU usage is high
2023-06-11 13:19:45,566 - ServerLogger - ERROR - Exception in target 1: Log file modified
2023-06-11 13:19:45,571 - ServerLogger - ERROR - Exception in target 2: Log file modified
2023-06-11 13:19:45,672 - ServerLogger - ERROR - Exception in target 0: CPU usage is high
2023-06-11 13:19:46,568 - ServerLogger - ERROR - Exception in target 1: Log file modified
2023-06-11 13:19:46,575 - ServerLogger - ERROR - Exception in target 2: Log file modified
2023-06-11 13:19:46,705 - ServerLogger - ERROR - Exception in target 1: CPU usage is high
2023-06-11 13:19:47,570 - ServerLogger - ERROR - Exception in target 1: Log file modified
2023-06-11 13:19:47,579 - ServerLogger - ERROR - Exception in target 2: Log file modified
2023-06-11 13:19:48,581 - ServerLogger - ERROR - Exception in target 2: Log file modified
2023-06-11 13:19:48,710 - ServerLogger - ERROR - Exception in target 2: CPU usage is high
2023-06-11 13:19:49,461 - ServerLogger - ERROR - Exception in target 0: Process has crashed
2023-06-11 13:19:50,136 - ServerLogger - ERROR - Exception in target 1: CPU usage is high
2023-06-11 13:19:50,586 - ServerLogger - ERROR - Exception in target 1: Log file modified
2023-06-11 13:19:50,589 - ServerLogger - ERROR - Exception in target 2: Log file modified
2023-06-11 13:19:51,133 - ServerLogger - ERROR - Exception in target 2: CPU usage is high
2023-06-11 13:19:51,587 - ServerLogger - ERROR - Exception in target 1: Log file modified
2023-06-11 13:19:51,592 - ServerLogger - ERROR - Exception in target 2: Log file modified
2023-06-11 13:19:52,559 - ServerLogger - ERROR - Exception in target 1: CPU usage is high
2023-06-11 13:19:52,588 - ServerLogger - ERROR - Exception in target 1: Log file modified
2023-06-11 13:19:52,594 - ServerLogger - ERROR - Exception in target 2: Log file modified
2023-06-11 13:19:53,593 - ServerLogger - ERROR - Exception in target 1: Log file modified
2023-06-11 13:19:53,596 - ServerLogger - ERROR - Exception in target 2: Log file modified
2023-06-11 13:19:54,594 - ServerLogger - ERROR - Exception in target 1: Log file modified
2023-06-11 13:19:54,601 - ServerLogger - ERROR - Exception in target 2: Log file modified
2023-06-11 13:19:54,972 - ServerLogger - ERROR - Exception in target 1: CPU usage is high
2023-06-11 13:19:55,595 - ServerLogger - ERROR - Exception in target 1: Log file modified
2023-06-11 13:19:55,605 - ServerLogger - ERROR - Exception in target 2: Log file modified
2023-06-11 13:19:56,610 - ServerLogger - ERROR - Exception in target 2: Log file modified
2023-06-11 13:19:57,606 - ServerLogger - ERROR - Exception in target 1: Log file modified
2023-06-11 13:19:57,610 - ServerLogger - ERROR - Exception in target 2: Log file modified
2023-06-11 13:19:58,508 - ServerLogger - ERROR - Exception in target 2: Ping response time is slow
2023-06-11 13:19:58,618 - ServerLogger - ERROR - Exception in target 2: Log file modified
2023-06-11 13:19:58,627 - ServerLogger - ERROR - Exception in target 1: Process has crashed
2023-06-11 13:22:37,719 - ServerLogger - ERROR - Exception in target 1: CPU usage is high
2023-06-11 13:22:37,822 - ServerLogger - ERROR - Exception in target 1: Ping response time is slow
2023-06-11 13:22:38,423 - ServerLogger - ERROR - Exception in target 1: Log file modified
2023-06-11 13:22:38,429 - ServerLogger - ERROR - Exception in target 2: Log file modified
2023-06-11 13:22:38,732 - ServerLogger - ERROR - Exception in target 2: CPU usage is high
2023-06-11 13:22:39,115 - ServerLogger - ERROR - Exception in target 0: CPU usage is high
2023-06-11 13:22:39,429 - ServerLogger - ERROR - Exception in target 2: Log file modified
2023-06-11 13:22:40,142 - ServerLogger - ERROR - Exception in target 1: CPU usage is high
2023-06-11 13:22:40,427 - ServerLogger - ERROR - Exception in target 1: Log file modified
2023-06-11 13:22:40,431 - ServerLogger - ERROR - Exception in target 2: Log file modified
2023-06-11 13:22:41,157 - ServerLogger - ERROR - Exception in target 2: CPU usage is high
2023-06-11 13:22:41,432 - ServerLogger - ERROR - Exception in target 1: Log file modified
2023-06-11 13:22:41,536 - ServerLogger - ERROR - Exception in target 0: CPU usage is high
2023-06-11 13:22:42,438 - ServerLogger - ERROR - Exception in target 1: Log file modified
2023-06-11 13:22:42,438 - ServerLogger - ERROR - Exception in target 2: Log file modified
2023-06-11 13:22:43,440 - ServerLogger - ERROR - Exception in target 1: Log file modified
2023-06-11 13:22:43,442 - ServerLogger - ERROR - Exception in target 2: Log file modified
2023-06-11 13:22:43,575 - ServerLogger - ERROR - Exception in target 1: CPU usage is high
2023-06-11 13:22:44,446 - ServerLogger - ERROR - Exception in target 2: Log file modified
2023-06-11 13:22:44,589 - ServerLogger - ERROR - Exception in target 2: CPU usage is high
2023-06-11 13:22:45,425 - ServerLogger - ERROR - Exception in target 0: Process has crashed
2023-06-11 13:22:46,451 - ServerLogger - ERROR - Exception in target 1: Log file modified
2023-06-11 13:22:46,458 - ServerLogger - ERROR - Exception in target 2: Log file modified
2023-06-11 13:22:47,019 - ServerLogger - ERROR - Exception in target 2: CPU usage is high
2023-06-11 13:22:47,452 - ServerLogger - ERROR - Exception in target 1: Log file modified
2023-06-11 13:22:47,458 - ServerLogger - ERROR - Exception in target 2: Log file modified
2023-06-11 13:22:48,457 - ServerLogger - ERROR - Exception in target 1: Log file modified
2023-06-11 13:22:48,458 - ServerLogger - ERROR - Exception in target 2: Log file modified
2023-06-11 13:22:49,526 - ServerLogger - ERROR - Exception in target 1: Process has crashed
2023-06-11 13:22:49,526 - ServerLogger - ERROR - Exception in target 2: Process has crashed
2023-06-11 13:52:19,010 - ServerLogger - ERROR - Exception in target 2: Log file modified
2023-06-11 13:52:19,304 - ServerLogger - ERROR - Exception in target 1: CPU usage is high
2023-06-11 13:52:20,006 - ServerLogger - ERROR - Exception in target 1: Log file modified
2023-06-11 13:52:20,011 - ServerLogger - ERROR - Exception in target 2: Log file modified
2023-06-11 13:52:20,322 - ServerLogger - ERROR - Exception in target 2: CPU usage is high
2023-06-11 13:52:20,708 - ServerLogger - ERROR - Exception in target 0: CPU usage is high
2023-06-11 13:52:21,009 - ServerLogger - ERROR - Exception in target 1: Log file modified
2023-06-11 13:52:21,016 - ServerLogger - ERROR - Exception in target 2: Log file modified
2023-06-11 13:52:21,728 - ServerLogger - ERROR - Exception in target 1: CPU usage is high
2023-06-11 13:52:22,016 - ServerLogger - ERROR - Exception in target 1: Log file modified
2023-06-11 13:52:22,022 - ServerLogger - ERROR - Exception in target 2: Log file modified
2023-06-11 13:52:22,747 - ServerLogger - ERROR - Exception in target 2: CPU usage is high
2023-06-11 13:52:23,020 - ServerLogger - ERROR - Exception in target 1: Log file modified
2023-06-11 13:52:23,025 - ServerLogger - ERROR - Exception in target 2: Log file modified
2023-06-11 13:52:23,132 - ServerLogger - ERROR - Exception in target 0: CPU usage is high
2023-06-11 13:52:24,025 - ServerLogger - ERROR - Exception in target 1: Log file modified
2023-06-11 13:52:24,032 - ServerLogger - ERROR - Exception in target 2: Log file modified
2023-06-11 13:52:25,027 - ServerLogger - ERROR - Exception in target 1: Log file modified
2023-06-11 13:52:25,035 - ServerLogger - ERROR - Exception in target 2: Log file modified
2023-06-11 13:52:25,146 - ServerLogger - ERROR - Exception in target 1: CPU usage is high
2023-06-11 13:52:25,905 - ServerLogger - ERROR - Exception in target 0: Process has crashed
2023-06-11 13:52:26,176 - ServerLogger - ERROR - Exception in target 2: CPU usage is high
2023-06-11 13:52:27,037 - ServerLogger - ERROR - Exception in target 1: Log file modified
2023-06-11 13:52:27,043 - ServerLogger - ERROR - Exception in target 2: Log file modified
2023-06-11 13:52:27,564 - ServerLogger - ERROR - Exception in target 1: CPU usage is high
2023-06-11 13:52:28,048 - ServerLogger - ERROR - Exception in target 2: Log file modified
2023-06-11 13:52:28,600 - ServerLogger - ERROR - Exception in target 2: CPU usage is high
2023-06-11 13:52:28,707 - ServerLogger - ERROR - Exception in target 2: Ping response time is slow
2023-06-11 13:52:29,046 - ServerLogger - ERROR - Exception in target 1: Log file modified
2023-06-11 13:52:29,052 - ServerLogger - ERROR - Exception in target 2: Log file modified
2023-06-11 13:52:29,985 - ServerLogger - ERROR - Exception in target 1: CPU usage is high
2023-06-11 13:52:30,050 - ServerLogger - ERROR - Exception in target 1: Log file modified
2023-06-11 13:52:30,057 - ServerLogger - ERROR - Exception in target 2: Log file modified
2023-06-11 13:52:31,031 - ServerLogger - ERROR - Exception in target 2: CPU usage is high
2023-06-11 13:52:31,055 - ServerLogger - ERROR - Exception in target 1: Log file modified
2023-06-11 13:52:32,056 - ServerLogger - ERROR - Exception in target 1: Log file modified
2023-06-11 13:52:32,068 - ServerLogger - ERROR - Exception in target 2: Log file modified
2023-06-11 13:52:33,073 - ServerLogger - ERROR - Exception in target 2: Log file modified
2023-06-11 13:52:33,092 - ServerLogger - ERROR - Exception in target 1: Process has crashed
2023-06-11 13:59:02,895 - ServerLogger - ERROR - Exception in target 2: Log file modified
2023-06-11 13:59:03,000 - ServerLogger - ERROR - Exception in target 1: CPU usage is high
2023-06-11 13:59:03,876 - ServerLogger - ERROR - Exception in target 1: Log file modified
2023-06-11 13:59:03,899 - ServerLogger - ERROR - Exception in target 2: Log file modified
2023-06-11 13:59:04,040 - ServerLogger - ERROR - Exception in target 2: CPU usage is high
2023-06-11 13:59:04,421 - ServerLogger - ERROR - Exception in target 0: CPU usage is high
2023-06-11 13:59:04,878 - ServerLogger - ERROR - Exception in target 1: Log file modified
2023-06-11 13:59:04,904 - ServerLogger - ERROR - Exception in target 2: Log file modified
2023-06-11 13:59:05,423 - ServerLogger - ERROR - Exception in target 1: CPU usage is high
2023-06-11 13:59:05,878 - ServerLogger - ERROR - Exception in target 1: Log file modified
2023-06-11 13:59:05,906 - ServerLogger - ERROR - Exception in target 2: Log file modified
2023-06-11 13:59:06,463 - ServerLogger - ERROR - Exception in target 2: CPU usage is high
2023-06-11 13:59:06,841 - ServerLogger - ERROR - Exception in target 0: CPU usage is high
2023-06-11 13:59:06,883 - ServerLogger - ERROR - Exception in target 1: Log file modified
2023-06-11 13:59:06,909 - ServerLogger - ERROR - Exception in target 2: Log file modified
2023-06-11 13:59:07,891 - ServerLogger - ERROR - Exception in target 1: Log file modified
2023-06-11 13:59:07,915 - ServerLogger - ERROR - Exception in target 2: Log file modified
2023-06-11 13:59:08,847 - ServerLogger - ERROR - Exception in target 1: CPU usage is high
2023-06-11 13:59:08,892 - ServerLogger - ERROR - Exception in target 1: Log file modified
2023-06-11 13:59:08,918 - ServerLogger - ERROR - Exception in target 2: Log file modified
2023-06-11 13:59:09,888 - ServerLogger - ERROR - Exception in target 2: CPU usage is high
2023-06-11 13:59:09,907 - ServerLogger - ERROR - Exception in target 0: Log file modified
2023-06-11 13:59:09,960 - ServerLogger - ERROR - Exception in target 0: Process has crashed
2023-06-11 13:59:10,896 - ServerLogger - ERROR - Exception in target 1: Log file modified
2023-06-11 13:59:10,925 - ServerLogger - ERROR - Exception in target 2: Log file modified
2023-06-11 13:59:11,928 - ServerLogger - ERROR - Exception in target 2: Log file modified
2023-06-11 13:59:12,316 - ServerLogger - ERROR - Exception in target 2: CPU usage is high
2023-06-11 13:59:12,902 - ServerLogger - ERROR - Exception in target 1: Log file modified
2023-06-11 13:59:12,935 - ServerLogger - ERROR - Exception in target 2: Log file modified
2023-06-11 13:59:13,935 - ServerLogger - ERROR - Exception in target 2: Log file modified
2023-06-11 13:59:14,741 - ServerLogger - ERROR - Exception in target 2: CPU usage is high
2023-06-11 13:59:14,906 - ServerLogger - ERROR - Exception in target 1: Log file modified
2023-06-11 13:59:14,941 - ServerLogger - ERROR - Exception in target 2: Log file modified
2023-06-11 13:59:15,911 - ServerLogger - ERROR - Exception in target 1: Log file modified
2023-06-11 13:59:15,945 - ServerLogger - ERROR - Exception in target 2: Log file modified
2023-06-11 13:59:16,946 - ServerLogger - ERROR - Exception in target 2: Log file modified
2023-06-11 13:59:17,917 - ServerLogger - ERROR - Exception in target 1: Log file modified
2023-06-11 13:59:17,949 - ServerLogger - ERROR - Exception in target 2: Log file modified
2023-06-11 13:59:18,171 - ServerLogger - ERROR - Exception in target 2: CPU usage is high
2023-06-11 13:59:18,920 - ServerLogger - ERROR - Exception in target 1: Log file modified
2023-06-11 13:59:18,954 - ServerLogger - ERROR - Exception in target 2: Log file modified
2023-06-11 13:59:19,925 - ServerLogger - ERROR - Exception in target 1: Log file modified
2023-06-11 13:59:20,930 - ServerLogger - ERROR - Exception in target 1: Log file modified
2023-06-11 13:59:20,960 - ServerLogger - ERROR - Exception in target 2: Log file modified
2023-06-11 14:00:41,253 - ServerLogger - ERROR - Exception in target 0: CPU usage is high
2023-06-11 14:00:41,953 - ServerLogger - ERROR - Exception in target 2: Log file modified
2023-06-11 14:00:41,970 - ServerLogger - ERROR - Exception in target 1: Log file modified
2023-06-11 14:00:42,282 - ServerLogger - ERROR - Exception in target 1: CPU usage is high
2023-06-11 14:00:42,959 - ServerLogger - ERROR - Exception in target 2: Log file modified
2023-06-11 14:00:43,678 - ServerLogger - ERROR - Exception in target 0: CPU usage is high
2023-06-11 14:00:43,960 - ServerLogger - ERROR - Exception in target 2: Log file modified
2023-06-11 14:00:43,976 - ServerLogger - ERROR - Exception in target 1: Log file modified
2023-06-11 14:00:44,698 - ServerLogger - ERROR - Exception in target 1: CPU usage is high
2023-06-11 14:00:44,981 - ServerLogger - ERROR - Exception in target 1: Log file modified
2023-06-11 14:00:45,966 - ServerLogger - ERROR - Exception in target 2: Log file modified
2023-06-11 14:00:45,982 - ServerLogger - ERROR - Exception in target 1: Log file modified
2023-06-11 14:00:46,971 - ServerLogger - ERROR - Exception in target 2: Log file modified
2023-06-11 14:00:46,987 - ServerLogger - ERROR - Exception in target 1: Log file modified
2023-06-11 14:00:47,103 - ServerLogger - ERROR - Exception in target 0: CPU usage is high
2023-06-11 14:00:47,973 - ServerLogger - ERROR - Exception in target 2: Log file modified
2023-06-11 14:00:48,129 - ServerLogger - ERROR - Exception in target 1: CPU usage is high
2023-06-11 14:00:48,822 - ServerLogger - ERROR - Exception in target 0: Process has crashed
2023-06-11 14:00:48,992 - ServerLogger - ERROR - Exception in target 1: Log file modified
2023-06-11 14:00:49,978 - ServerLogger - ERROR - Exception in target 2: Log file modified
2023-06-11 14:00:49,997 - ServerLogger - ERROR - Exception in target 1: Log file modified
2023-06-11 14:00:50,551 - ServerLogger - ERROR - Exception in target 1: CPU usage is high
2023-06-11 14:00:50,982 - ServerLogger - ERROR - Exception in target 2: Log file modified
2023-06-11 14:00:51,000 - ServerLogger - ERROR - Exception in target 1: Log file modified
2023-06-11 14:00:51,987 - ServerLogger - ERROR - Exception in target 2: Log file modified
2023-06-11 14:00:52,005 - ServerLogger - ERROR - Exception in target 1: Log file modified
2023-06-11 14:00:52,976 - ServerLogger - ERROR - Exception in target 1: CPU usage is high
2023-06-11 14:00:52,992 - ServerLogger - ERROR - Exception in target 2: Log file modified
2023-06-11 14:00:53,010 - ServerLogger - ERROR - Exception in target 1: Log file modified
2023-06-11 14:00:53,993 - ServerLogger - ERROR - Exception in target 2: Log file modified
2023-06-11 14:00:54,013 - ServerLogger - ERROR - Exception in target 1: Log file modified
2023-06-11 14:00:54,995 - ServerLogger - ERROR - Exception in target 2: Log file modified
2023-06-11 14:00:55,016 - ServerLogger - ERROR - Exception in target 1: Log file modified
2023-06-11 14:00:56,001 - ServerLogger - ERROR - Exception in target 2: Log file modified
2023-06-11 14:00:56,018 - ServerLogger - ERROR - Exception in target 1: Log file modified
2023-06-11 14:00:56,400 - ServerLogger - ERROR - Exception in target 1: CPU usage is high
2023-06-11 14:00:57,001 - ServerLogger - ERROR - Exception in target 2: Log file modified
2023-06-11 14:00:57,023 - ServerLogger - ERROR - Exception in target 1: Log file modified
2023-06-11 14:00:58,025 - ServerLogger - ERROR - Exception in target 1: Log file modified
2023-06-11 14:00:59,007 - ServerLogger - ERROR - Exception in target 2: Log file modified
2023-06-11 14:00:59,029 - ServerLogger - ERROR - Exception in target 1: Log file modified
2023-06-11 14:01:00,408 - ServerLogger - ERROR - Exception in target 2: Ping response time is slow
2023-06-11 14:04:57,846 - ServerLogger - ERROR - Exception in target 2: Ping response time is slow
2023-06-11 14:04:59,445 - ServerLogger - ERROR - Exception in target 2: Log file modified
2023-06-11 14:05:00,164 - ServerLogger - ERROR - Exception in target 2: CPU usage is high
2023-06-11 14:05:00,446 - ServerLogger - ERROR - Exception in target 2: Log file modified
2023-06-11 14:05:00,447 - ServerLogger - ERROR - Exception in target 1: Log file modified
2023-06-11 14:05:00,554 - ServerLogger - ERROR - Exception in target 0: CPU usage is high
2023-06-11 14:05:01,449 - ServerLogger - ERROR - Exception in target 2: Log file modified
2023-06-11 14:05:01,452 - ServerLogger - ERROR - Exception in target 1: Log file modified
2023-06-11 14:05:01,573 - ServerLogger - ERROR - Exception in target 1: CPU usage is high
2023-06-11 14:05:02,453 - ServerLogger - ERROR - Exception in target 1: Log file modified
2023-06-11 14:05:02,453 - ServerLogger - ERROR - Exception in target 2: Log file modified
2023-06-11 14:05:02,577 - ServerLogger - ERROR - Exception in target 2: CPU usage is high
2023-06-11 14:05:02,981 - ServerLogger - ERROR - Exception in target 0: CPU usage is high
2023-06-11 14:05:03,454 - ServerLogger - ERROR - Exception in target 1: Log file modified
2023-06-11 14:05:03,456 - ServerLogger - ERROR - Exception in target 2: Log file modified
2023-06-11 14:05:03,992 - ServerLogger - ERROR - Exception in target 1: CPU usage is high
2023-06-11 14:05:04,455 - ServerLogger - ERROR - Exception in target 1: Log file modified
2023-06-11 14:05:04,461 - ServerLogger - ERROR - Exception in target 2: Log file modified
2023-06-11 14:05:05,459 - ServerLogger - ERROR - Exception in target 1: Log file modified
2023-06-11 14:05:05,462 - ServerLogger - ERROR - Exception in target 2: Log file modified
2023-06-11 14:05:06,001 - ServerLogger - ERROR - Exception in target 2: CPU usage is high
2023-06-11 14:05:06,420 - ServerLogger - ERROR - Exception in target 0: Process has crashed
2023-06-11 14:05:06,465 - ServerLogger - ERROR - Exception in target 2: Log file modified
2023-06-11 14:05:07,417 - ServerLogger - ERROR - Exception in target 1: CPU usage is high
2023-06-11 14:05:07,468 - ServerLogger - ERROR - Exception in target 1: Log file modified
2023-06-11 14:05:07,469 - ServerLogger - ERROR - Exception in target 2: Log file modified
2023-06-11 14:05:08,474 - ServerLogger - ERROR - Exception in target 2: Log file modified
2023-06-11 14:05:09,472 - ServerLogger - ERROR - Exception in target 1: Log file modified
2023-06-11 14:05:09,477 - ServerLogger - ERROR - Exception in target 2: Log file modified
2023-06-11 14:05:09,835 - ServerLogger - ERROR - Exception in target 1: CPU usage is high
2023-06-11 14:05:10,476 - ServerLogger - ERROR - Exception in target 1: Log file modified
2023-06-11 14:05:10,492 - ServerLogger - ERROR - Exception in target 2: Log file modified
2023-06-11 14:05:10,855 - ServerLogger - ERROR - Exception in target 2: CPU usage is high
2023-06-11 14:05:11,482 - ServerLogger - ERROR - Exception in target 1: Log file modified
2023-06-11 14:05:12,248 - ServerLogger - ERROR - Exception in target 1: CPU usage is high
2023-06-11 14:05:12,486 - ServerLogger - ERROR - Exception in target 1: Log file modified
2023-06-11 14:05:12,509 - ServerLogger - ERROR - Exception in target 2: Log file modified
2023-06-11 14:05:13,282 - ServerLogger - ERROR - Exception in target 2: CPU usage is high
2023-06-11 14:05:13,487 - ServerLogger - ERROR - Exception in target 1: Log file modified
2023-06-11 14:05:13,514 - ServerLogger - ERROR - Exception in target 2: Log file modified
2023-06-11 14:05:14,517 - ServerLogger - ERROR - Exception in target 2: Log file modified
2023-06-11 14:09:02,306 - ServerLogger - ERROR - Exception in target 0: Ping response time is slow
2023-06-11 14:09:04,628 - ServerLogger - ERROR - Exception in target 0: CPU usage is high
2023-06-11 14:09:04,920 - ServerLogger - ERROR - Exception in target 2: Log file modified
2023-06-11 14:09:05,627 - ServerLogger - ERROR - Exception in target 1: CPU usage is high
2023-06-11 14:09:05,916 - ServerLogger - ERROR - Exception in target 1: Log file modified
2023-06-11 14:09:05,928 - ServerLogger - ERROR - Exception in target 2: Log file modified
2023-06-11 14:09:06,650 - ServerLogger - ERROR - Exception in target 2: CPU usage is high
2023-06-11 14:09:06,915 - ServerLogger - ERROR - Exception in target 1: Log file modified
2023-06-11 14:09:06,935 - ServerLogger - ERROR - Exception in target 2: Log file modified
2023-06-11 14:09:07,055 - ServerLogger - ERROR - Exception in target 0: CPU usage is high
2023-06-11 14:09:07,922 - ServerLogger - ERROR - Exception in target 1: Log file modified
2023-06-11 14:09:07,941 - ServerLogger - ERROR - Exception in target 2: Log file modified
2023-06-11 14:09:08,051 - ServerLogger - ERROR - Exception in target 1: CPU usage is high
2023-06-11 14:09:08,922 - ServerLogger - ERROR - Exception in target 1: Log file modified
2023-06-11 14:09:08,943 - ServerLogger - ERROR - Exception in target 2: Log file modified
2023-06-11 14:09:09,069 - ServerLogger - ERROR - Exception in target 2: CPU usage is high
2023-06-11 14:09:09,924 - ServerLogger - ERROR - Exception in target 1: Log file modified
2023-06-11 14:09:09,947 - ServerLogger - ERROR - Exception in target 2: Log file modified
2023-06-11 14:09:10,481 - ServerLogger - ERROR - Exception in target 0: CPU usage is high
2023-06-11 14:09:10,586 - ServerLogger - ERROR - Exception in target 0: Ping response time is slow
2023-06-11 14:09:10,929 - ServerLogger - ERROR - Exception in target 1: Log file modified
2023-06-11 14:09:11,484 - ServerLogger - ERROR - Exception in target 1: CPU usage is high
2023-06-11 14:09:11,929 - ServerLogger - ERROR - Exception in target 0: Log file modified
2023-06-11 14:09:11,954 - ServerLogger - ERROR - Exception in target 2: Log file modified
2023-06-11 14:09:12,488 - ServerLogger - ERROR - Exception in target 2: CPU usage is high
2023-06-11 14:09:12,905 - ServerLogger - ERROR - Exception in target 0: Process has crashed
2023-06-11 14:09:12,930 - ServerLogger - ERROR - Exception in target 1: Log file modified
2023-06-11 14:09:13,938 - ServerLogger - ERROR - Exception in target 1: Log file modified
2023-06-11 14:09:13,961 - ServerLogger - ERROR - Exception in target 2: Log file modified
2023-06-11 14:09:14,918 - ServerLogger - ERROR - Exception in target 2: CPU usage is high
2023-06-11 14:09:14,943 - ServerLogger - ERROR - Exception in target 1: Log file modified
2023-06-11 14:09:14,963 - ServerLogger - ERROR - Exception in target 2: Log file modified
2023-06-11 14:09:15,948 - ServerLogger - ERROR - Exception in target 1: Log file modified
2023-06-11 14:09:15,967 - ServerLogger - ERROR - Exception in target 2: Log file modified
2023-06-11 14:09:16,335 - ServerLogger - ERROR - Exception in target 1: CPU usage is high
2023-06-11 14:09:16,951 - ServerLogger - ERROR - Exception in target 1: Log file modified
2023-06-11 14:09:17,347 - ServerLogger - ERROR - Exception in target 2: CPU usage is high
2023-06-11 14:09:17,954 - ServerLogger - ERROR - Exception in target 1: Log file modified
2023-06-11 14:09:17,974 - ServerLogger - ERROR - Exception in target 2: Log file modified
2023-06-11 14:09:18,760 - ServerLogger - ERROR - Exception in target 1: Ping response time is slow
2023-06-11 14:09:18,959 - ServerLogger - ERROR - Exception in target 1: Log file modified
2023-06-11 14:09:18,976 - ServerLogger - ERROR - Exception in target 2: Log file modified
2023-06-11 14:09:19,034 - ServerLogger - ERROR - Exception in target 1: Process has crashed
2023-06-11 14:09:19,039 - ServerLogger - ERROR - Exception in target 2: Process has crashed
2023-06-11 14:10:59,354 - ServerLogger - ERROR - Exception in target 1: CPU usage is high
2023-06-11 14:10:59,636 - ServerLogger - ERROR - Exception in target 1: Log file modified
2023-06-11 14:10:59,666 - ServerLogger - ERROR - Exception in target 2: Log file modified
2023-06-11 14:11:00,393 - ServerLogger - ERROR - Exception in target 2: CPU usage is high
2023-06-11 14:11:00,671 - ServerLogger - ERROR - Exception in target 2: Log file modified
2023-06-11 14:11:00,761 - ServerLogger - ERROR - Exception in target 0: CPU usage is high
2023-06-11 14:11:01,641 - ServerLogger - ERROR - Exception in target 1: Log file modified
2023-06-11 14:11:01,671 - ServerLogger - ERROR - Exception in target 2: Log file modified
2023-06-11 14:11:01,781 - ServerLogger - ERROR - Exception in target 1: CPU usage is high
2023-06-11 14:11:02,645 - ServerLogger - ERROR - Exception in target 1: Log file modified
2023-06-11 14:11:02,676 - ServerLogger - ERROR - Exception in target 2: Log file modified
2023-06-11 14:11:02,817 - ServerLogger - ERROR - Exception in target 2: CPU usage is high
2023-06-11 14:11:03,187 - ServerLogger - ERROR - Exception in target 0: CPU usage is high
2023-06-11 14:11:03,647 - ServerLogger - ERROR - Exception in target 1: Log file modified
2023-06-11 14:11:03,679 - ServerLogger - ERROR - Exception in target 2: Log file modified
2023-06-11 14:11:04,650 - ServerLogger - ERROR - Exception in target 1: Log file modified
2023-06-11 14:11:04,681 - ServerLogger - ERROR - Exception in target 2: Log file modified
2023-06-11 14:11:05,207 - ServerLogger - ERROR - Exception in target 1: CPU usage is high
2023-06-11 14:11:05,654 - ServerLogger - ERROR - Exception in target 1: Log file modified
2023-06-11 14:11:05,682 - ServerLogger - ERROR - Exception in target 2: Log file modified
2023-06-11 14:11:06,245 - ServerLogger - ERROR - Exception in target 2: CPU usage is high
2023-06-11 14:11:06,637 - ServerLogger - ERROR - Exception in target 0: CPU usage is high
2023-06-11 14:11:06,688 - ServerLogger - ERROR - Exception in target 2: Log file modified
2023-06-11 14:11:07,646 - ServerLogger - ERROR - Exception in target 0: Log file modified
2023-06-11 14:11:07,662 - ServerLogger - ERROR - Exception in target 1: Log file modified
2023-06-11 14:11:07,703 - ServerLogger - ERROR - Exception in target 0: Process has crashed
2023-06-11 14:11:08,663 - ServerLogger - ERROR - Exception in target 2: CPU usage is high
2023-06-11 14:11:08,667 - ServerLogger - ERROR - Exception in target 1: Log file modified
2023-06-11 14:11:08,696 - ServerLogger - ERROR - Exception in target 2: Log file modified
2023-06-11 14:11:09,672 - ServerLogger - ERROR - Exception in target 1: Log file modified
2023-06-11 14:11:09,700 - ServerLogger - ERROR - Exception in target 2: Log file modified
2023-06-11 14:11:10,051 - ServerLogger - ERROR - Exception in target 1: CPU usage is high
2023-06-11 14:11:10,675 - ServerLogger - ERROR - Exception in target 1: Log file modified
2023-06-11 14:11:10,704 - ServerLogger - ERROR - Exception in target 2: Log file modified
2023-06-11 14:11:11,089 - ServerLogger - ERROR - Exception in target 2: CPU usage is high
2023-06-11 14:11:11,678 - ServerLogger - ERROR - Exception in target 1: Log file modified
2023-06-11 14:11:11,706 - ServerLogger - ERROR - Exception in target 2: Log file modified
2023-06-11 14:11:12,469 - ServerLogger - ERROR - Exception in target 1: CPU usage is high
2023-06-11 14:11:12,682 - ServerLogger - ERROR - Exception in target 1: Log file modified
2023-06-11 14:11:12,706 - ServerLogger - ERROR - Exception in target 2: Log file modified
2023-06-11 14:11:13,685 - ServerLogger - ERROR - Exception in target 1: Log file modified
2023-06-11 14:11:13,712 - ServerLogger - ERROR - Exception in target 2: Log file modified
2023-06-11 14:11:14,717 - ServerLogger - ERROR - Exception in target 2: Log file modified
2023-06-11 14:11:15,695 - ServerLogger - ERROR - Exception in target 1: Log file modified
2023-06-11 14:11:15,722 - ServerLogger - ERROR - Exception in target 2: Log file modified
2023-06-11 14:11:15,875 - ServerLogger - ERROR - Exception in target 2: Process has crashed
2023-06-11 14:11:15,875 - ServerLogger - ERROR - Exception in target 1: Process has crashed
2023-06-11 14:13:43,169 - ServerLogger - ERROR - Exception in target 2: CPU usage is high
2023-06-11 14:13:43,553 - ServerLogger - ERROR - Exception in target 0: CPU usage is high
2023-06-11 14:13:43,846 - ServerLogger - ERROR - Exception in target 1: Log file modified
2023-06-11 14:13:43,867 - ServerLogger - ERROR - Exception in target 2: Log file modified
2023-06-11 14:13:44,580 - ServerLogger - ERROR - Exception in target 1: CPU usage is high
2023-06-11 14:13:44,871 - ServerLogger - ERROR - Exception in target 2: Log file modified
2023-06-11 14:13:45,594 - ServerLogger - ERROR - Exception in target 2: CPU usage is high
2023-06-11 14:13:45,855 - ServerLogger - ERROR - Exception in target 1: Log file modified
2023-06-11 14:13:45,875 - ServerLogger - ERROR - Exception in target 2: Log file modified
2023-06-11 14:13:45,975 - ServerLogger - ERROR - Exception in target 0: CPU usage is high
2023-06-11 14:13:46,860 - ServerLogger - ERROR - Exception in target 1: Log file modified
2023-06-11 14:13:46,880 - ServerLogger - ERROR - Exception in target 2: Log file modified
2023-06-11 14:13:46,999 - ServerLogger - ERROR - Exception in target 1: CPU usage is high
2023-06-11 14:13:47,865 - ServerLogger - ERROR - Exception in target 1: Log file modified
2023-06-11 14:13:47,885 - ServerLogger - ERROR - Exception in target 2: Log file modified
2023-06-11 14:13:48,870 - ServerLogger - ERROR - Exception in target 1: Log file modified
2023-06-11 14:13:48,889 - ServerLogger - ERROR - Exception in target 2: Log file modified
2023-06-11 14:13:49,025 - ServerLogger - ERROR - Exception in target 2: CPU usage is high
2023-06-11 14:13:49,401 - ServerLogger - ERROR - Exception in target 0: CPU usage is high
2023-06-11 14:13:49,891 - ServerLogger - ERROR - Exception in target 2: Log file modified
2023-06-11 14:13:50,424 - ServerLogger - ERROR - Exception in target 1: CPU usage is high
2023-06-11 14:13:50,830 - ServerLogger - ERROR - Exception in target 0: Process has crashed
2023-06-11 14:13:50,875 - ServerLogger - ERROR - Exception in target 1: Log file modified
2023-06-11 14:13:51,556 - ServerLogger - ERROR - Exception in target 2: Ping response time is slow
2023-06-11 14:13:51,876 - ServerLogger - ERROR - Exception in target 1: Log file modified
2023-06-11 14:13:51,900 - ServerLogger - ERROR - Exception in target 2: Log file modified
2023-06-11 14:13:52,844 - ServerLogger - ERROR - Exception in target 1: CPU usage is high
2023-06-11 14:13:52,882 - ServerLogger - ERROR - Exception in target 1: Log file modified
2023-06-11 14:13:52,904 - ServerLogger - ERROR - Exception in target 2: Log file modified
2023-06-11 14:13:53,872 - ServerLogger - ERROR - Exception in target 2: CPU usage is high
2023-06-11 14:13:53,894 - ServerLogger - ERROR - Exception in target 1: Log file modified
2023-06-11 14:13:53,907 - ServerLogger - ERROR - Exception in target 2: Log file modified
2023-06-11 14:13:54,901 - ServerLogger - ERROR - Exception in target 1: Log file modified
2023-06-11 14:13:54,922 - ServerLogger - ERROR - Exception in target 2: Log file modified
2023-06-11 14:13:55,269 - ServerLogger - ERROR - Exception in target 1: CPU usage is high
2023-06-11 14:13:55,901 - ServerLogger - ERROR - Exception in target 1: Log file modified
2023-06-11 14:13:55,927 - ServerLogger - ERROR - Exception in target 2: Log file modified
2023-06-11 14:15:35,394 - ServerLogger - ERROR - Exception in target 1: Ping response time is slow
2023-06-11 14:15:40,006 - ServerLogger - ERROR - Exception in target 1: Log file modified
2023-06-11 14:15:40,013 - ServerLogger - ERROR - Exception in target 2: Log file modified
2023-06-11 14:15:40,137 - ServerLogger - ERROR - Exception in target 1: CPU usage is high
2023-06-11 14:15:41,014 - ServerLogger - ERROR - Exception in target 2: Log file modified
2023-06-11 14:15:41,143 - ServerLogger - ERROR - Exception in target 2: CPU usage is high
2023-06-11 14:15:41,553 - ServerLogger - ERROR - Exception in target 0: CPU usage is high
2023-06-11 14:15:42,011 - ServerLogger - ERROR - Exception in target 1: Log file modified
2023-06-11 14:15:42,017 - ServerLogger - ERROR - Exception in target 2: Log file modified
2023-06-11 14:15:42,565 - ServerLogger - ERROR - Exception in target 1: CPU usage is high
2023-06-11 14:15:43,015 - ServerLogger - ERROR - Exception in target 1: Log file modified
2023-06-11 14:15:43,021 - ServerLogger - ERROR - Exception in target 2: Log file modified
2023-06-11 14:15:43,561 - ServerLogger - ERROR - Exception in target 2: CPU usage is high
2023-06-11 14:15:43,977 - ServerLogger - ERROR - Exception in target 0: CPU usage is high
2023-06-11 14:15:44,018 - ServerLogger - ERROR - Exception in target 1: Log file modified
2023-06-11 14:15:44,026 - ServerLogger - ERROR - Exception in target 2: Log file modified
2023-06-11 14:15:45,036 - ServerLogger - ERROR - Exception in target 1: Log file modified
2023-06-11 14:15:45,036 - ServerLogger - ERROR - Exception in target 2: Log file modified
2023-06-11 14:15:45,995 - ServerLogger - ERROR - Exception in target 1: CPU usage is high
2023-06-11 14:15:46,032 - ServerLogger - ERROR - Exception in target 1: Log file modified
2023-06-11 14:15:46,042 - ServerLogger - ERROR - Exception in target 2: Log file modified
2023-06-11 14:15:46,988 - ServerLogger - ERROR - Exception in target 2: CPU usage is high
2023-06-11 14:15:47,021 - ServerLogger - ERROR - Exception in target 0: Log file modified
2023-06-11 14:15:47,043 - ServerLogger - ERROR - Exception in target 2: Log file modified
2023-06-11 14:15:47,082 - ServerLogger - ERROR - Exception in target 0: Process has crashed
2023-06-11 14:15:48,042 - ServerLogger - ERROR - Exception in target 1: Log file modified
2023-06-11 14:15:49,047 - ServerLogger - ERROR - Exception in target 1: Log file modified
2023-06-11 14:15:49,050 - ServerLogger - ERROR - Exception in target 2: Log file modified
2023-06-11 14:15:49,413 - ServerLogger - ERROR - Exception in target 2: CPU usage is high
2023-06-11 14:15:50,053 - ServerLogger - ERROR - Exception in target 2: Log file modified
2023-06-11 14:15:50,053 - ServerLogger - ERROR - Exception in target 1: Log file modified
2023-06-11 14:15:50,844 - ServerLogger - ERROR - Exception in target 1: CPU usage is high
2023-06-11 14:15:50,950 - ServerLogger - ERROR - Exception in target 1: Ping response time is slow
2023-06-11 14:15:51,053 - ServerLogger - ERROR - Exception in target 2: Log file modified
2023-06-11 14:15:51,054 - ServerLogger - ERROR - Exception in target 1: Log file modified
2023-06-11 14:15:51,844 - ServerLogger - ERROR - Exception in target 2: CPU usage is high
2023-06-11 14:15:52,059 - ServerLogger - ERROR - Exception in target 2: Log file modified
2023-06-11 14:15:52,059 - ServerLogger - ERROR - Exception in target 1: Log file modified
2023-06-11 14:15:53,060 - ServerLogger - ERROR - Exception in target 1: Log file modified
2023-06-11 14:15:53,061 - ServerLogger - ERROR - Exception in target 2: Log file modified
2023-06-11 14:15:53,263 - ServerLogger - ERROR - Exception in target 1: CPU usage is high
2023-06-11 14:15:54,064 - ServerLogger - ERROR - Exception in target 1: Log file modified
2023-06-11 14:15:54,071 - ServerLogger - ERROR - Exception in target 2: Log file modified
2023-06-11 14:15:55,073 - ServerLogger - ERROR - Exception in target 2: Log file modified
2023-06-11 14:15:55,281 - ServerLogger - ERROR - Exception in target 2: CPU usage is high
2023-06-11 14:15:56,075 - ServerLogger - ERROR - Exception in target 1: Log file modified
2023-06-11 14:15:56,075 - ServerLogger - ERROR - Exception in target 2: Log file modified
2023-06-11 14:15:57,077 - ServerLogger - ERROR - Exception in target 2: Log file modified
2023-06-11 14:18:41,316 - ServerLogger - ERROR - Exception in target 1: Log file modified
2023-06-11 14:18:41,333 - ServerLogger - ERROR - Exception in target 2: Log file modified
2023-06-11 14:18:41,615 - ServerLogger - ERROR - Exception in target 1: CPU usage is high
2023-06-11 14:18:42,340 - ServerLogger - ERROR - Exception in target 2: Log file modified
2023-06-11 14:18:42,642 - ServerLogger - ERROR - Exception in target 2: CPU usage is high
2023-06-11 14:18:43,028 - ServerLogger - ERROR - Exception in target 0: CPU usage is high
2023-06-11 14:18:43,325 - ServerLogger - ERROR - Exception in target 1: Log file modified
2023-06-11 14:18:43,344 - ServerLogger - ERROR - Exception in target 2: Log file modified
2023-06-11 14:18:44,036 - ServerLogger - ERROR - Exception in target 1: CPU usage is high
2023-06-11 14:18:44,329 - ServerLogger - ERROR - Exception in target 1: Log file modified
2023-06-11 14:18:44,347 - ServerLogger - ERROR - Exception in target 2: Log file modified
2023-06-11 14:18:45,072 - ServerLogger - ERROR - Exception in target 2: CPU usage is high
2023-06-11 14:18:45,333 - ServerLogger - ERROR - Exception in target 1: Log file modified
2023-06-11 14:18:45,350 - ServerLogger - ERROR - Exception in target 2: Log file modified
2023-06-11 14:18:45,448 - ServerLogger - ERROR - Exception in target 0: CPU usage is high
2023-06-11 14:18:46,336 - ServerLogger - ERROR - Exception in target 1: Log file modified
2023-06-11 14:18:46,355 - ServerLogger - ERROR - Exception in target 2: Log file modified
2023-06-11 14:18:47,339 - ServerLogger - ERROR - Exception in target 1: Log file modified
2023-06-11 14:18:47,461 - ServerLogger - ERROR - Exception in target 1: CPU usage is high
2023-06-11 14:18:48,338 - ServerLogger - ERROR - Exception in target 0: Log file modified
2023-06-11 14:18:48,365 - ServerLogger - ERROR - Exception in target 2: Log file modified
2023-06-11 14:18:48,495 - ServerLogger - ERROR - Exception in target 2: CPU usage is high
2023-06-11 14:18:49,314 - ServerLogger - ERROR - Exception in target 0: Process has crashed
2023-06-11 14:18:49,345 - ServerLogger - ERROR - Exception in target 1: Log file modified
2023-06-11 14:18:49,990 - ServerLogger - ERROR - Exception in target 1: Ping response time is slow
2023-06-11 14:18:50,352 - ServerLogger - ERROR - Exception in target 1: Log file modified
2023-06-11 14:18:50,374 - ServerLogger - ERROR - Exception in target 2: Log file modified
2023-06-11 14:18:51,024 - ServerLogger - ERROR - Exception in target 2: Ping response time is slow
2023-06-11 14:18:55,874 - ServerLogger - ERROR - Exception in target 2: Ping response time is slow
2023-06-11 14:18:57,262 - ServerLogger - ERROR - Exception in target 1: Ping response time is slow
2023-06-11 14:18:58,305 - ServerLogger - ERROR - Exception in target 2: Ping response time is slow
2023-06-11 14:19:14,219 - ServerLogger - ERROR - Exception in target 1: Ping response time is slow
2023-06-11 14:19:17,686 - ServerLogger - ERROR - Exception in target 2: Ping response time is slow
2023-06-11 14:19:23,913 - ServerLogger - ERROR - Exception in target 1: Ping response time is slow
2023-06-11 14:19:24,959 - ServerLogger - ERROR - Exception in target 2: Ping response time is slow
2023-06-11 14:19:34,655 - ServerLogger - ERROR - Exception in target 2: Ping response time is slow
2023-06-11 14:19:36,035 - ServerLogger - ERROR - Exception in target 1: Ping response time is slow
2023-06-11 14:19:39,506 - ServerLogger - ERROR - Exception in target 2: Ping response time is slow
2023-06-11 14:19:40,887 - ServerLogger - ERROR - Exception in target 1: Ping response time is slow
